2021-10-06 17:55:28,510 [Worker-2: Loading available Gradle versions] INFO  o.e.b.c.i.u.g.PublishedGradleVersions - Gradle version information cache is up-to-date. Trying to read.
2021-10-06 17:57:54,999 [Worker-4: Loading available Gradle versions] INFO  o.e.b.c.i.u.g.PublishedGradleVersions - Gradle version information cache is up-to-date. Trying to read.
2021-10-13 22:46:09,943 [Worker-2: Loading available Gradle versions] INFO  o.e.b.c.i.u.g.PublishedGradleVersions - Gradle version information cache is up-to-date. Trying to read.
2021-10-15 19:51:16,632 [Worker-4: Loading available Gradle versions] INFO  o.e.b.c.i.u.g.PublishedGradleVersions - Gradle version information cache is up-to-date. Trying to read.
2021-10-17 13:32:57,201 [Worker-5: Loading available Gradle versions] INFO  o.e.b.c.i.u.g.PublishedGradleVersions - Gradle version information cache is out-of-date. Trying to update.
2021-10-22 22:29:47,717 [Worker-3: Loading available Gradle versions] INFO  o.e.b.c.i.u.g.PublishedGradleVersions - Gradle version information cache is out-of-date. Trying to update.
2021-10-22 23:05:16,107 [Worker-1: Loading available Gradle versions] INFO  o.e.b.c.i.u.g.PublishedGradleVersions - Gradle version information cache is up-to-date. Trying to read.
2021-10-22 23:06:40,212 [Worker-2: Loading available Gradle versions] INFO  o.e.b.c.i.u.g.PublishedGradleVersions - Gradle version information cache is up-to-date. Trying to read.
2021-10-23 11:59:16,105 [Worker-4: Loading available Gradle versions] INFO  o.e.b.c.i.u.g.PublishedGradleVersions - Gradle version information cache is up-to-date. Trying to read.
2021-10-23 12:02:25,797 [main] INFO  org.eclipse.jetty.util.log - Logging initialized @239126ms to org.eclipse.jetty.util.log.Slf4jLog
2021-10-23 12:02:26,147 [main] INFO  org.eclipse.jetty.server.Server - jetty-9.4.27.v20200227; built: 2020-03-02T14:40:42.212Z; git: a304fd9f351f337e7c0e2a7c28878dd536149c6c; jvm 1.8.0_281-b09
2021-10-23 12:02:26,186 [main] INFO  org.eclipse.jetty.server.session - DefaultSessionIdManager workerName=node0
2021-10-23 12:02:26,186 [main] INFO  org.eclipse.jetty.server.session - No SessionScavenger set, using defaults
2021-10-23 12:02:26,188 [main] INFO  org.eclipse.jetty.server.session - node0 Scavenging every 600000ms
2021-10-23 12:02:26,245 [main] INFO  o.e.j.server.handler.ContextHandler - Started o.e.j.s.ServletContextHandler@1bcb2501{/wse,null,AVAILABLE}
2021-10-23 12:02:26,278 [main] INFO  o.e.jetty.server.AbstractConnector - Started ServerConnector@664c47f2{HTTP/1.1, (http/1.1)}{0.0.0.0:51747}
2021-10-23 12:02:26,278 [main] INFO  org.eclipse.jetty.server.Server - Started @239624ms
2021-10-23 12:02:26,279 [main] INFO  org.eclipse.jetty.server.session - node0 Scavenging every 660000ms
2021-10-25 08:45:22,601 [Framework stop] INFO  o.e.jetty.server.AbstractConnector - Stopped ServerConnector@664c47f2{HTTP/1.1, (http/1.1)}{0.0.0.0:0}
2021-10-25 08:45:22,601 [Framework stop] INFO  org.eclipse.jetty.server.session - node0 Stopped scavenging
2021-10-25 08:45:22,741 [Framework stop] INFO  o.e.j.server.handler.ContextHandler - Stopped o.e.j.s.ServletContextHandler@1bcb2501{/wse,null,UNAVAILABLE}
2021-10-26 09:10:26,105 [Worker-2: Loading available Gradle versions] INFO  o.e.b.c.i.u.g.PublishedGradleVersions - Gradle version information cache is out-of-date. Trying to update.
